<?xml version="1.0" encoding="UTF-8"?>
<!-- Generated by org.testng.reporters.JUnitXMLReporter -->
<testsuite hostname="sag-pc-26" ignored="24" name="ChromeBrowser_V 1.2.0.0" tests="3" failures="1" timestamp="12 Oct 2018 09:24:28 GMT" time="31.838" errors="0">
  <testcase name="Browser_Call" time="7.098" classname="NG_Platform_Sanity.NG_Platform_Sanity"/>
  <testcase name="url" time="15.304" classname="NG_Platform_Sanity.NG_Platform_Sanity"/>
  <testcase name="Forgot_Password" time="9.39" classname="NG_Platform_Sanity.NG_Platform_Sanity">
    <failure type="java.lang.AssertionError" message="null">
      <![CDATA[java.lang.AssertionError: null
	at Integrated_Module.NG_Platform_Functions.Forgot_Password(NG_Platform_Functions.java:3742)
	at NG_Platform_Sanity.NG_Platform_Sanity.Forgot_Password(NG_Platform_Sanity.java:283)
... Removed 27 stack frames]]>
    </failure>
  </testcase> <!-- Forgot_Password -->
  <testcase name="Permissions_Edit_Role" time="0.0" classname="NG_Platform_Sanity.NG_Platform_Sanity">
    <ignored/>
  </testcase> <!-- Permissions_Edit_Role -->
  <testcase name="Profile_ChangeName" time="0.0" classname="NG_Platform_Sanity.NG_Platform_Sanity">
    <ignored/>
  </testcase> <!-- Profile_ChangeName -->
  <testcase name="Verify_New_User" time="0.0" classname="NG_Platform_Sanity.NG_Platform_Sanity">
    <ignored/>
  </testcase> <!-- Verify_New_User -->
  <testcase name="Create_User" time="0.0" classname="NG_Platform_Sanity.NG_Platform_Sanity">
    <ignored/>
  </testcase> <!-- Create_User -->
  <testcase name="Default_Roles" time="0.0" classname="NG_Platform_Sanity.NG_Platform_Sanity">
    <ignored/>
  </testcase> <!-- Default_Roles -->
  <testcase name="Setting_TimeZone" time="0.0" classname="NG_Platform_Sanity.NG_Platform_Sanity">
    <ignored/>
  </testcase> <!-- Setting_TimeZone -->
  <testcase name="Permissions_AddRole" time="0.0" classname="NG_Platform_Sanity.NG_Platform_Sanity">
    <ignored/>
  </testcase> <!-- Permissions_AddRole -->
  <testcase name="User_Account_Deactivate" time="0.0" classname="NG_Platform_Sanity.NG_Platform_Sanity">
    <ignored/>
  </testcase> <!-- User_Account_Deactivate -->
  <testcase name="Setting_Currency" time="0.0" classname="NG_Platform_Sanity.NG_Platform_Sanity">
    <ignored/>
  </testcase> <!-- Setting_Currency -->
  <testcase name="CreateUser_ActivationPending" time="0.0" classname="NG_Platform_Sanity.NG_Platform_Sanity">
    <ignored/>
  </testcase> <!-- CreateUser_ActivationPending -->
  <testcase name="Logout" time="0.0" classname="NG_Platform_Sanity.NG_Platform_Sanity">
    <ignored/>
  </testcase> <!-- Logout -->
  <testcase name="Profile_AddImage" time="0.0" classname="NG_Platform_Sanity.NG_Platform_Sanity">
    <ignored/>
  </testcase> <!-- Profile_AddImage -->
  <testcase name="Tenant_AddImage" time="0.0" classname="NG_Platform_Sanity.NG_Platform_Sanity">
    <ignored/>
  </testcase> <!-- Tenant_AddImage -->
  <testcase name="Dashboard" time="0.0" classname="NG_Platform_Sanity.NG_Platform_Sanity">
    <ignored/>
  </testcase> <!-- Dashboard -->
  <testcase name="Permissions_Delete_User_From_Role" time="0.0" classname="NG_Platform_Sanity.NG_Platform_Sanity">
    <ignored/>
  </testcase> <!-- Permissions_Delete_User_From_Role -->
  <testcase name="Permissions_Add_User" time="0.0" classname="NG_Platform_Sanity.NG_Platform_Sanity">
    <ignored/>
  </testcase> <!-- Permissions_Add_User -->
  <testcase name="Switch_To_Platform" time="0.0" classname="NG_Platform_Sanity.NG_Platform_Sanity">
    <ignored/>
  </testcase> <!-- Switch_To_Platform -->
  <testcase name="User_Account_Reactivate" time="0.0" classname="NG_Platform_Sanity.NG_Platform_Sanity">
    <ignored/>
  </testcase> <!-- User_Account_Reactivate -->
  <testcase name="Delete_User" time="0.0" classname="NG_Platform_Sanity.NG_Platform_Sanity">
    <ignored/>
  </testcase> <!-- Delete_User -->
  <testcase name="Login" time="0.0" classname="NG_Platform_Sanity.NG_Platform_Sanity">
    <ignored/>
  </testcase> <!-- Login -->
  <testcase name="Profile_ChangePassword" time="0.0" classname="NG_Platform_Sanity.NG_Platform_Sanity">
    <ignored/>
  </testcase> <!-- Profile_ChangePassword -->
  <testcase name="Profile_Localization" time="0.0" classname="NG_Platform_Sanity.NG_Platform_Sanity">
    <ignored/>
  </testcase> <!-- Profile_Localization -->
  <testcase name="User_Account_Menu_Option" time="0.0" classname="NG_Platform_Sanity.NG_Platform_Sanity">
    <ignored/>
  </testcase> <!-- User_Account_Menu_Option -->
  <testcase name="Permissions_Delete_Role" time="0.0" classname="NG_Platform_Sanity.NG_Platform_Sanity">
    <ignored/>
  </testcase> <!-- Permissions_Delete_Role -->
</testsuite> <!-- ChromeBrowser_V 1.2.0.0 -->
