<?xml version="1.0" encoding="UTF-8"?>
<!-- Generated by org.testng.reporters.JUnitXMLReporter -->
<testsuite hostname="sag-pc-26" ignored="0" name="ChromeBrowser_V 1.3.0.0" tests="27" failures="1" timestamp="21 Nov 2018 06:42:34 GMT" time="1247.943" errors="0">
  <testcase name="Browser_Call" time="6.401" classname="NG_Platform_Sanity.NG_Platform_Sanity"/>
  <testcase name="url" time="9.602" classname="NG_Platform_Sanity.NG_Platform_Sanity"/>
  <testcase name="Login" time="16.974" classname="NG_Platform_Sanity.NG_Platform_Sanity"/>
  <testcase name="Switch_To_Platform" time="28.23" classname="NG_Platform_Sanity.NG_Platform_Sanity"/>
  <testcase name="Dashboard" time="7.223" classname="NG_Platform_Sanity.NG_Platform_Sanity"/>
  <testcase name="CreateUser_ActivationPending" time="55.08" classname="NG_Platform_Sanity.NG_Platform_Sanity"/>
  <testcase name="Delete_User" time="38.679" classname="NG_Platform_Sanity.NG_Platform_Sanity"/>
  <testcase name="Create_User" time="26.055" classname="NG_Platform_Sanity.NG_Platform_Sanity"/>
  <testcase name="Verify_New_User" time="129.984" classname="NG_Platform_Sanity.NG_Platform_Sanity"/>
  <testcase name="User_Account_Menu_Option" time="33.054" classname="NG_Platform_Sanity.NG_Platform_Sanity"/>
  <testcase name="User_Account_Deactivate" time="35.959" classname="NG_Platform_Sanity.NG_Platform_Sanity"/>
  <testcase name="User_Account_Reactivate" time="37.439" classname="NG_Platform_Sanity.NG_Platform_Sanity"/>
  <testcase name="Default_Roles" time="34.555" classname="NG_Platform_Sanity.NG_Platform_Sanity"/>
  <testcase name="Permissions_AddRole" time="94.42" classname="NG_Platform_Sanity.NG_Platform_Sanity"/>
  <testcase name="Permissions_Add_User" time="43.124" classname="NG_Platform_Sanity.NG_Platform_Sanity"/>
  <testcase name="Permissions_Edit_Role" time="51.068" classname="NG_Platform_Sanity.NG_Platform_Sanity"/>
  <testcase name="Permissions_Delete_User_From_Role" time="21.122" classname="NG_Platform_Sanity.NG_Platform_Sanity">
    <failure type="java.lang.AssertionError" message="null">
      <![CDATA[java.lang.AssertionError: null
	at Integrated_Module.NG_Platform_Functions.Permissions_DeleteUser_FromRole(NG_Platform_Functions.java:2877)
	at NG_Platform_Sanity.NG_Platform_Sanity.Permissions_Delete_User_From_Role(NG_Platform_Sanity.java:186)
... Removed 27 stack frames]]>
    </failure>
  </testcase> <!-- Permissions_Delete_User_From_Role -->
  <testcase name="Permissions_Delete_Role" time="144.665" classname="NG_Platform_Sanity.NG_Platform_Sanity"/>
  <testcase name="Profile_AddImage" time="44.344" classname="NG_Platform_Sanity.NG_Platform_Sanity"/>
  <testcase name="Profile_ChangeName" time="19.344" classname="NG_Platform_Sanity.NG_Platform_Sanity"/>
  <testcase name="Profile_ChangePassword" time="67.751" classname="NG_Platform_Sanity.NG_Platform_Sanity"/>
  <testcase name="Profile_Localization" time="76.264" classname="NG_Platform_Sanity.NG_Platform_Sanity"/>
  <testcase name="Tenant_AddImage" time="50.896" classname="NG_Platform_Sanity.NG_Platform_Sanity"/>
  <testcase name="Setting_TimeZone" time="17.227" classname="NG_Platform_Sanity.NG_Platform_Sanity"/>
  <testcase name="Setting_Currency" time="15.075" classname="NG_Platform_Sanity.NG_Platform_Sanity"/>
  <testcase name="Logout" time="9.942" classname="NG_Platform_Sanity.NG_Platform_Sanity"/>
  <testcase name="Forgot_Password" time="133.343" classname="NG_Platform_Sanity.NG_Platform_Sanity"/>
</testsuite> <!-- ChromeBrowser_V 1.3.0.0 -->
