<?xml version="1.0" encoding="UTF-8"?>
<!-- Generated by org.testng.reporters.JUnitXMLReporter -->
<testsuite hostname="sag-pc-26" ignored="0" name="ChromeBrowser_V 1.0.0.0" tests="26" failures="0" timestamp="06 Aug 2018 05:05:51 GMT" time="870.715" errors="0">
  <testcase name="Browser_Call" time="5.23" classname="NG_Platform_Sanity.NG_Platform_Sanity"/>
  <testcase name="url" time="5.192" classname="NG_Platform_Sanity.NG_Platform_Sanity"/>
  <testcase name="Login" time="7.598" classname="NG_Platform_Sanity.NG_Platform_Sanity"/>
  <testcase name="Dashboard" time="2.598" classname="NG_Platform_Sanity.NG_Platform_Sanity"/>
  <testcase name="CreateUser_ActivationPending" time="41.491" classname="NG_Platform_Sanity.NG_Platform_Sanity"/>
  <testcase name="Delete_User" time="16.211" classname="NG_Platform_Sanity.NG_Platform_Sanity"/>
  <testcase name="Create_User" time="42.496" classname="NG_Platform_Sanity.NG_Platform_Sanity"/>
  <testcase name="Verify_New_User" time="124.746" classname="NG_Platform_Sanity.NG_Platform_Sanity"/>
  <testcase name="User_Account_Menu_Option" time="48.967" classname="NG_Platform_Sanity.NG_Platform_Sanity"/>
  <testcase name="User_Account_Deactivate" time="23.173" classname="NG_Platform_Sanity.NG_Platform_Sanity"/>
  <testcase name="User_Account_Reactivate" time="52.746" classname="NG_Platform_Sanity.NG_Platform_Sanity"/>
  <testcase name="Default_Roles" time="10.895" classname="NG_Platform_Sanity.NG_Platform_Sanity"/>
  <testcase name="Permissions_AddRole" time="55.156" classname="NG_Platform_Sanity.NG_Platform_Sanity"/>
  <testcase name="Permissions_Add_User" time="15.634" classname="NG_Platform_Sanity.NG_Platform_Sanity"/>
  <testcase name="Permissions_Edit_Role" time="31.577" classname="NG_Platform_Sanity.NG_Platform_Sanity"/>
  <testcase name="Permissions_Delete_User_From_Role" time="25.928" classname="NG_Platform_Sanity.NG_Platform_Sanity"/>
  <testcase name="Permissions_Delete_Role" time="29.752" classname="NG_Platform_Sanity.NG_Platform_Sanity"/>
  <testcase name="Profile_AddImage" time="15.735" classname="NG_Platform_Sanity.NG_Platform_Sanity"/>
  <testcase name="Profile_ChangeName" time="15.14" classname="NG_Platform_Sanity.NG_Platform_Sanity"/>
  <testcase name="Profile_ChangePassword" time="20.73" classname="NG_Platform_Sanity.NG_Platform_Sanity"/>
  <testcase name="Profile_Localization" time="118.467" classname="NG_Platform_Sanity.NG_Platform_Sanity"/>
  <testcase name="Tenant_AddImage" time="13.544" classname="NG_Platform_Sanity.NG_Platform_Sanity"/>
  <testcase name="Setting_TimeZone" time="7.477" classname="NG_Platform_Sanity.NG_Platform_Sanity"/>
  <testcase name="Setting_Currency" time="7.99" classname="NG_Platform_Sanity.NG_Platform_Sanity"/>
  <testcase name="Logout" time="4.792" classname="NG_Platform_Sanity.NG_Platform_Sanity"/>
  <testcase name="Forgot_Password" time="127.327" classname="NG_Platform_Sanity.NG_Platform_Sanity"/>
</testsuite> <!-- ChromeBrowser_V 1.0.0.0 -->
