<?xml version="1.0" encoding="UTF-8"?>
<!-- Generated by org.testng.reporters.JUnitXMLReporter -->
<testsuite hostname="sag-pc-26" ignored="2" name="ChromeTest" tests="7" failures="0" timestamp="21 Mar 2017 12:49:59 GMT" time="102.816" errors="0">
  <testcase name="BrowserCall" time="4.578" classname="NG_Platform_Sanity.NG_Platform_Sanity"/>
  <testcase name="url" time="12.898" classname="NG_Platform_Sanity.NG_Platform_Sanity"/>
  <testcase name="signup" time="7.293" classname="NG_Platform_Sanity.NG_Platform_Sanity"/>
  <testcase name="AccountVerification" time="69.778" classname="NG_Platform_Sanity.NG_Platform_Sanity"/>
  <testcase name="Login" time="5.59" classname="NG_Platform_Sanity.NG_Platform_Sanity"/>
  <testcase name="Dashboard" time="1.099" classname="NG_Platform_Sanity.NG_Platform_Sanity"/>
  <testcase name="Logout" time="1.569" classname="NG_Platform_Sanity.NG_Platform_Sanity"/>
  <testcase name="UserAccount" time="0.0" classname="NG_Platform_Sanity.NG_Platform_Sanity">
    <ignored/>
  </testcase> <!-- UserAccount -->
  <testcase name="DBConnect" time="0.0" classname="NG_Platform_Sanity.NG_Platform_Sanity">
    <ignored/>
  </testcase> <!-- DBConnect -->
</testsuite> <!-- ChromeTest -->
