<?xml version="1.0" encoding="UTF-8"?>
<!-- Generated by org.testng.reporters.JUnitXMLReporter -->
<testsuite hostname="sag-pc-26" ignored="3" name="FireFoxTest_V 1.0.0.0" tests="14" failures="2" timestamp="30 May 2017 06:33:03 GMT" time="263.059" errors="0">
  <testcase name="BrowserCall" time="10.245" classname="NG_Platform_Sanity.NG_Platform_Sanity"/>
  <testcase name="url" time="23.163" classname="NG_Platform_Sanity.NG_Platform_Sanity"/>
  <testcase name="Login" time="9.327" classname="NG_Platform_Sanity.NG_Platform_Sanity"/>
  <testcase name="Dashboard" time="0.539" classname="NG_Platform_Sanity.NG_Platform_Sanity"/>
  <testcase name="UserAccount" time="32.032" classname="NG_Platform_Sanity.NG_Platform_Sanity"/>
  <testcase name="UserAccount_MenuOption" time="34.617" classname="NG_Platform_Sanity.NG_Platform_Sanity"/>
  <testcase name="UserAccount_BlockUser" time="5.496" classname="NG_Platform_Sanity.NG_Platform_Sanity"/>
  <testcase name="UserAccount_UnBlockUser" time="5.399" classname="NG_Platform_Sanity.NG_Platform_Sanity"/>
  <testcase name="Permissions" time="54.781" classname="NG_Platform_Sanity.NG_Platform_Sanity"/>
  <testcase name="Permissions_AddUser" time="12.801" classname="NG_Platform_Sanity.NG_Platform_Sanity">
    <failure type="java.lang.AssertionError" message="null">
      <![CDATA[java.lang.AssertionError: null
	at Integrated_Module.NG_Platform_Functions.Permissions_AddUser(NG_Platform_Functions.java:1693)
	at NG_Platform_Sanity.NG_Platform_Sanity.Permissions_AddUser(NG_Platform_Sanity.java:126)
... Removed 27 stack frames]]>
    </failure>
  </testcase> <!-- Permissions_AddUser -->
  <testcase name="Permissions_EditRole" time="15.67" classname="NG_Platform_Sanity.NG_Platform_Sanity"/>
  <testcase name="Permissions_DeleteUser_FromRole" time="28.496" classname="NG_Platform_Sanity.NG_Platform_Sanity">
    <failure type="java.lang.AssertionError" message="null">
      <![CDATA[java.lang.AssertionError: null
	at Integrated_Module.NG_Platform_Functions.Permissions_DeleteUser_FromRole(NG_Platform_Functions.java:1872)
	at NG_Platform_Sanity.NG_Platform_Sanity.Permissions_DeleteUser_FromRole(NG_Platform_Sanity.java:140)
... Removed 27 stack frames]]>
    </failure>
  </testcase> <!-- Permissions_DeleteUser_FromRole -->
  <testcase name="Permissions_DeleteRole" time="25.214" classname="NG_Platform_Sanity.NG_Platform_Sanity"/>
  <testcase name="Logout" time="5.235" classname="NG_Platform_Sanity.NG_Platform_Sanity"/>
  <testcase name="AccountVerification" time="0.0" classname="NG_Platform_Sanity.NG_Platform_Sanity">
    <ignored/>
  </testcase> <!-- AccountVerification -->
  <testcase name="signup" time="0.0" classname="NG_Platform_Sanity.NG_Platform_Sanity">
    <ignored/>
  </testcase> <!-- signup -->
  <testcase name="DBConnect" time="0.0" classname="NG_Platform_Sanity.NG_Platform_Sanity">
    <ignored/>
  </testcase> <!-- DBConnect -->
</testsuite> <!-- FireFoxTest_V 1.0.0.0 -->
