<?xml version="1.0" encoding="UTF-8"?>
<!-- Generated by org.testng.reporters.JUnitXMLReporter -->
<testsuite hostname="DESKTOP-I0V4GOD" ignored="0" name="Test" tests="5" failures="0" timestamp="19 Dec 2018 17:38:57 GMT" time="23.392" errors="0">
  <testcase name="Open_URL" time="2.155" classname="Executable_Classes.Login_Application"/>
  <testcase name="Enter_UserName" time="5.409" classname="Executable_Classes.Login_Application"/>
  <testcase name="Enter_Password" time="5.172" classname="Executable_Classes.Login_Application"/>
  <testcase name="Login_Button" time="5.123" classname="Executable_Classes.Login_Application"/>
  <testcase name="Close_Browser" time="1.093" classname="Executable_Classes.Login_Application"/>
</testsuite> <!-- Test -->
