<?xml version="1.0" encoding="UTF-8"?>
<!-- Generated by org.testng.reporters.JUnitXMLReporter -->
<testsuite hostname="Ventive" ignored="0" name="Test" tests="5" failures="0" timestamp="25 Dec 2018 02:09:27 GMT" time="24.834" errors="0">
  <testcase name="Open_URL" time="1.76" classname="Executable_Classes.TC1_Login_Application"/>
  <testcase name="Enter_UserName" time="5.658" classname="Executable_Classes.TC1_Login_Application"/>
  <testcase name="Enter_Password" time="5.27" classname="Executable_Classes.TC1_Login_Application"/>
  <testcase name="Login_Button" time="5.207" classname="Executable_Classes.TC1_Login_Application"/>
  <testcase name="Close_Browser" time="1.425" classname="Executable_Classes.TC1_Login_Application"/>
</testsuite> <!-- Test -->
