<?xml version="1.0" encoding="UTF-8"?>
<testng-results skipped="0" failed="0" ignored="0" total="5" passed="5">
  <reporter-output>
  </reporter-output>
  <suite name="Suite" duration-ms="24834" started-at="2018-12-25T02:09:02Z" finished-at="2018-12-25T02:09:27Z">
    <groups>
    </groups>
    <test name="Test" duration-ms="24834" started-at="2018-12-25T02:09:02Z" finished-at="2018-12-25T02:09:27Z">
      <class name="Executable_Classes.TC1_Login_Application">
        <test-method status="PASS" signature="OpenBrowser(java.lang.String)[pri:0, instance:Executable_Classes.TC1_Login_Application@5622fdf]" name="OpenBrowser" is-config="true" duration-ms="4850" started-at="2018-12-25T02:09:02Z" finished-at="2018-12-25T02:09:07Z">
          <params>
            <param index="0">
              <value>
                <![CDATA[chrome]]>
              </value>
            </param>
          </params>
          <reporter-output>
          </reporter-output>
        </test-method> <!-- OpenBrowser -->
        <test-method status="PASS" signature="GetData()[pri:0, instance:Executable_Classes.TC1_Login_Application@5622fdf]" name="GetData" is-config="true" duration-ms="504" started-at="2018-12-25T02:09:07Z" finished-at="2018-12-25T02:09:07Z">
          <reporter-output>
          </reporter-output>
        </test-method> <!-- GetData -->
        <test-method status="PASS" signature="Open_URL()[pri:2, instance:Executable_Classes.TC1_Login_Application@5622fdf]" name="Open_URL" duration-ms="1760" started-at="2018-12-25T02:09:07Z" finished-at="2018-12-25T02:09:09Z">
          <reporter-output>
          </reporter-output>
        </test-method> <!-- Open_URL -->
        <test-method status="PASS" signature="GetData()[pri:0, instance:Executable_Classes.TC1_Login_Application@5622fdf]" name="GetData" is-config="true" duration-ms="34" started-at="2018-12-25T02:09:09Z" finished-at="2018-12-25T02:09:09Z">
          <reporter-output>
          </reporter-output>
        </test-method> <!-- GetData -->
        <test-method status="PASS" signature="Enter_UserName()[pri:3, instance:Executable_Classes.TC1_Login_Application@5622fdf]" name="Enter_UserName" duration-ms="5658" started-at="2018-12-25T02:09:09Z" finished-at="2018-12-25T02:09:15Z">
          <reporter-output>
          </reporter-output>
        </test-method> <!-- Enter_UserName -->
        <test-method status="PASS" signature="GetData()[pri:0, instance:Executable_Classes.TC1_Login_Application@5622fdf]" name="GetData" is-config="true" duration-ms="15" started-at="2018-12-25T02:09:15Z" finished-at="2018-12-25T02:09:15Z">
          <reporter-output>
          </reporter-output>
        </test-method> <!-- GetData -->
        <test-method status="PASS" signature="Enter_Password()[pri:4, instance:Executable_Classes.TC1_Login_Application@5622fdf]" name="Enter_Password" duration-ms="5270" started-at="2018-12-25T02:09:15Z" finished-at="2018-12-25T02:09:20Z">
          <reporter-output>
          </reporter-output>
        </test-method> <!-- Enter_Password -->
        <test-method status="PASS" signature="GetData()[pri:0, instance:Executable_Classes.TC1_Login_Application@5622fdf]" name="GetData" is-config="true" duration-ms="16" started-at="2018-12-25T02:09:20Z" finished-at="2018-12-25T02:09:20Z">
          <reporter-output>
          </reporter-output>
        </test-method> <!-- GetData -->
        <test-method status="PASS" signature="Login_Button()[pri:5, instance:Executable_Classes.TC1_Login_Application@5622fdf]" name="Login_Button" duration-ms="5207" started-at="2018-12-25T02:09:20Z" finished-at="2018-12-25T02:09:25Z">
          <reporter-output>
          </reporter-output>
        </test-method> <!-- Login_Button -->
        <test-method status="PASS" signature="GetData()[pri:0, instance:Executable_Classes.TC1_Login_Application@5622fdf]" name="GetData" is-config="true" duration-ms="32" started-at="2018-12-25T02:09:25Z" finished-at="2018-12-25T02:09:25Z">
          <reporter-output>
          </reporter-output>
        </test-method> <!-- GetData -->
        <test-method status="PASS" signature="Close_Browser()[pri:6, instance:Executable_Classes.TC1_Login_Application@5622fdf]" name="Close_Browser" duration-ms="1425" started-at="2018-12-25T02:09:25Z" finished-at="2018-12-25T02:09:27Z">
          <reporter-output>
          </reporter-output>
        </test-method> <!-- Close_Browser -->
      </class> <!-- Executable_Classes.TC1_Login_Application -->
    </test> <!-- Test -->
  </suite> <!-- Suite -->
</testng-results>
